
Solving Air Cargo Problem 1 using breadth_first_search...

# Actions   Expansions   Goal Tests   New Nodes
20, 43, 56, 178

Plan length: 6  Time elapsed in seconds: 0.014340603000164265
Load(C1, P1, SFO)
Load(C2, P2, JFK)
Fly(P2, JFK, SFO)
Unload(C2, P2, SFO)
Fly(P1, SFO, JFK)
Unload(C1, P1, JFK)


Solving Air Cargo Problem 1 using depth_first_graph_search...

# Actions   Expansions   Goal Tests   New Nodes
20, 21, 22, 84

Plan length: 20  Time elapsed in seconds: 0.004505492001044331
Fly(P1, SFO, JFK)
Fly(P2, JFK, SFO)
Load(C2, P1, JFK)
Fly(P1, JFK, SFO)
Fly(P2, SFO, JFK)
Unload(C2, P1, SFO)
Fly(P1, SFO, JFK)
Fly(P2, JFK, SFO)
Load(C2, P2, SFO)
Fly(P1, JFK, SFO)
Load(C1, P2, SFO)
Fly(P2, SFO, JFK)
Fly(P1, SFO, JFK)
Unload(C2, P2, JFK)
Unload(C1, P2, JFK)
Fly(P2, JFK, SFO)
Load(C2, P1, JFK)
Fly(P1, JFK, SFO)
Fly(P2, SFO, JFK)
Unload(C2, P1, SFO)


Solving Air Cargo Problem 1 using uniform_cost_search...

# Actions   Expansions   Goal Tests   New Nodes
20, 60, 62, 240

Plan length: 6  Time elapsed in seconds: 0.011435861000791192
Load(C2, P2, JFK)
Fly(P2, JFK, SFO)
Load(C1, P2, SFO)
Unload(C2, P2, SFO)
Fly(P2, SFO, JFK)
Unload(C1, P2, JFK)


Solving Air Cargo Problem 1 using greedy_best_first_graph_search with h_unmet_goals...

# Actions   Expansions   Goal Tests   New Nodes
20, 7, 9, 29

Plan length: 6  Time elapsed in seconds: 0.0012435469980118796
Load(C1, P1, SFO)
Load(C2, P2, JFK)
Fly(P2, JFK, SFO)
Unload(C2, P2, SFO)
Fly(P1, SFO, JFK)
Unload(C1, P1, JFK)


Solving Air Cargo Problem 1 using greedy_best_first_graph_search with h_pg_levelsum...

# Actions   Expansions   Goal Tests   New Nodes
20, 6, 8, 28

Plan length: 6  Time elapsed in seconds: 0.3300195830015582
Load(C1, P1, SFO)
Fly(P1, SFO, JFK)
Unload(C1, P1, JFK)
Load(C2, P2, JFK)
Fly(P2, JFK, SFO)
Unload(C2, P2, SFO)


Solving Air Cargo Problem 1 using greedy_best_first_graph_search with h_pg_maxlevel...

# Actions   Expansions   Goal Tests   New Nodes
20, 6, 8, 24

Plan length: 6  Time elapsed in seconds: 0.11258644200279377
Load(C1, P1, SFO)
Load(C2, P2, JFK)
Fly(P2, JFK, SFO)
Fly(P1, SFO, JFK)
Unload(C2, P2, SFO)
Unload(C1, P1, JFK)


Solving Air Cargo Problem 1 using greedy_best_first_graph_search with h_pg_setlevel...

# Actions   Expansions   Goal Tests   New Nodes
20, 6, 8, 28

Plan length: 6  Time elapsed in seconds: 0.3385020240020822
Load(C1, P1, SFO)
Fly(P1, SFO, JFK)
Unload(C1, P1, JFK)
Load(C2, P2, JFK)
Fly(P2, JFK, SFO)
Unload(C2, P2, SFO)


Solving Air Cargo Problem 1 using astar_search with h_unmet_goals...

# Actions   Expansions   Goal Tests   New Nodes
20, 50, 52, 206

Plan length: 6  Time elapsed in seconds: 0.011315087998809759
Load(C2, P2, JFK)
Fly(P2, JFK, SFO)
Unload(C2, P2, SFO)
Load(C1, P2, SFO)
Fly(P2, SFO, JFK)
Unload(C1, P2, JFK)


Solving Air Cargo Problem 1 using astar_search with h_pg_levelsum...

# Actions   Expansions   Goal Tests   New Nodes
20, 28, 30, 122

Plan length: 6  Time elapsed in seconds: 0.16935158100022818
Load(C2, P2, JFK)
Fly(P2, JFK, SFO)
Unload(C2, P2, SFO)
Load(C1, P2, SFO)
Fly(P2, SFO, JFK)
Unload(C1, P2, JFK)


Solving Air Cargo Problem 1 using astar_search with h_pg_maxlevel...

# Actions   Expansions   Goal Tests   New Nodes
20, 43, 45, 180

Plan length: 6  Time elapsed in seconds: 0.1384554929973092
Load(C2, P2, JFK)
Fly(P2, JFK, SFO)
Load(C1, P2, SFO)
Unload(C2, P2, SFO)
Fly(P2, SFO, JFK)
Unload(C1, P2, JFK)


Solving Air Cargo Problem 1 using astar_search with h_pg_setlevel...
Traceback (most recent call last):
  File "run_search.py", line 116, in <module>
    main(list(sorted(set(args.problems))), list(sorted(set((args.searches)))))
  File "run_search.py", line 90, in main
    ip, plan_length, time = run_search(problem_instance, search_fn, heuristic_fn)
  File "/home/israel/Documents/aind/projeto2_Classical_Planning/_utils.py", line 32, in run_search
    node = search_function(ip, parameter)
  File "/home/israel/Documents/aind/projeto2_Classical_Planning/aimacode/search.py", line 276, in astar_search
    return best_first_graph_search(problem, lambda n: n.path_cost + h(n))
  File "/home/israel/Documents/aind/projeto2_Classical_Planning/aimacode/search.py", line 222, in best_first_graph_search
    frontier.append(child)
  File "/home/israel/Documents/aind/projeto2_Classical_Planning/aimacode/utils.py", line 374, in append
    heapq.heappush(self.A, (self.f(item), item))
  File "/home/israel/Documents/aind/projeto2_Classical_Planning/aimacode/utils.py", line 81, in memoized_fn
    val = fn(obj, *args)
  File "/home/israel/Documents/aind/projeto2_Classical_Planning/aimacode/search.py", line 276, in <lambda>
    return best_first_graph_search(problem, lambda n: n.path_cost + h(n))
  File "/home/israel/Documents/aind/projeto2_Classical_Planning/aimacode/utils.py", line 81, in memoized_fn
    val = fn(obj, *args)
  File "/home/israel/anaconda3/envs/aind/lib-python/3/functools.py", line 485, in wrapper
    result = user_function(*args, **kwds)
  File "/home/israel/Documents/aind/projeto2_Classical_Planning/planning_problem.py", line 71, in h_pg_setlevel
    score = pg.h_setlevel()
  File "/home/israel/Documents/aind/projeto2_Classical_Planning/my_planning_graph.py", line 254, in h_setlevel
    self._extend()
  File "/home/israel/Documents/aind/projeto2_Classical_Planning/my_planning_graph.py", line 334, in _extend
    action_layer.update_mutexes()
  File "/home/israel/Documents/aind/projeto2_Classical_Planning/layers.py", line 185, in update_mutexes
    elif self._ignore_mutexes:
KeyboardInterrupt
